<?xml version="1.0" encoding="UTF-8"?>
<!-- Generated by org.testng.reporters.JUnitReportReporter -->
<testsuite hostname="DESKTOP-TK7T02D" failures="0" tests="1" name="login.LoginJourney2" time="52.585" errors="0" timestamp="2024-11-16T14:04:11 IST" skipped="0">
  <testcase classname="login.LoginJourney2" name="signup" time="52.585">
    <system-out>
      <![CDATA[*** Email is VALID ***
*** Password is VALID ***]]>
    </system-out>
  </testcase> <!-- signup -->
  <system-out>
    <![CDATA[*** Email is VALID ***
*** Password is VALID ***]]>
  </system-out>
</testsuite> <!-- login.LoginJourney2 -->
