<?xml version="1.0" encoding="UTF-8"?>
<!-- Generated by org.testng.reporters.JUnitReportReporter -->
<testsuite hostname="DESKTOP-56BNNV9" failures="0" tests="1" name="machinetest.PunchIn" time="0.003" errors="0" timestamp="2024-11-18T11:22:50 IST" skipped="0">
  <testcase classname="machinetest.PunchIn" name="punchIn" time="0.003"/>
</testsuite> <!-- machinetest.PunchIn -->
